0 info it worked if it ends with ok
1 verbose cli [ '/opt/local/bin/node',
1 verbose cli   '/opt/local/bin/npm',
1 verbose cli   'run',
1 verbose cli   'bootstrap' ]
2 info using npm@2.14.19
3 info using node@v4.3.1
4 verbose stack Error: missing script: bootstrap
4 verbose stack     at run (/opt/local/lib/node_modules/npm/lib/run-script.js:142:19)
4 verbose stack     at /opt/local/lib/node_modules/npm/lib/run-script.js:58:5
4 verbose stack     at /opt/local/lib/node_modules/npm/node_modules/read-package-json/read-json.js:345:5
4 verbose stack     at checkBinReferences_ (/opt/local/lib/node_modules/npm/node_modules/read-package-json/read-json.js:309:45)
4 verbose stack     at final (/opt/local/lib/node_modules/npm/node_modules/read-package-json/read-json.js:343:3)
4 verbose stack     at then (/opt/local/lib/node_modules/npm/node_modules/read-package-json/read-json.js:113:5)
4 verbose stack     at /opt/local/lib/node_modules/npm/node_modules/read-package-json/read-json.js:300:12
4 verbose stack     at /opt/local/lib/node_modules/npm/node_modules/graceful-fs/graceful-fs.js:78:16
4 verbose stack     at FSReqWrap.readFileAfterClose [as oncomplete] (fs.js:380:3)
5 verbose cwd /Users/swl/Desktop/GitClone/hubot-collibra
6 error Darwin 15.4.0
7 error argv "/opt/local/bin/node" "/opt/local/bin/npm" "run" "bootstrap"
8 error node v4.3.1
9 error npm  v2.14.19
10 error missing script: bootstrap
11 error If you need help, you may report this error at:
11 error     <https://github.com/npm/npm/issues>
12 verbose exit [ 1, true ]
